<?xml version="1.0" encoding="utf-8"?><testsuites name="pytest tests"><testsuite name="pytest" errors="0" failures="1" skipped="3" tests="16" time="1.368" timestamp="2026-01-19T15:16:01.838009+00:00" hostname="agent-env-2177167e-5ef6-4083-870e-24772f9a46b8"><testcase classname="tests.test_bank_tl_features.TestBankDetailsAndTLFeatures" name="test_01_health_check" time="0.102"><failure message="assert 404 == 200&#10; +  where 404 = &lt;Response [404]&gt;.status_code">tests/test_bank_tl_features.py:38: in test_01_health_check
    assert response.status_code == 200
E   assert 404 == 200
E    +  where 404 = &lt;Response [404]&gt;.status_code</failure></testcase><testcase classname="tests.test_bank_tl_features.TestBankDetailsAndTLFeatures" name="test_02_admin_login" time="0.074" /><testcase classname="tests.test_bank_tl_features.TestBankDetailsAndTLFeatures" name="test_03_employee_login_with_bank_details" time="0.067" /><testcase classname="tests.test_bank_tl_features.TestBankDetailsAndTLFeatures" name="test_04_get_users_with_bank_details" time="0.073" /><testcase classname="tests.test_bank_tl_features.TestBankDetailsAndTLFeatures" name="test_05_get_team_leaders" time="0.071" /><testcase classname="tests.test_bank_tl_features.TestBankDetailsAndTLFeatures" name="test_06_create_employee_without_bank_details_fails" time="0.078" /><testcase classname="tests.test_bank_tl_features.TestBankDetailsAndTLFeatures" name="test_07_create_employee_with_bank_details_and_tl" time="0.072" /><testcase classname="tests.test_bank_tl_features.TestBankDetailsAndTLFeatures" name="test_08_verify_created_employee_data" time="0.075"><skipped type="pytest.skip" message="Employee creation failed, skipping verification">/app/tests/test_bank_tl_features.py:183: Employee creation failed, skipping verification</skipped></testcase><testcase classname="tests.test_bank_tl_features.TestBankDetailsAndTLFeatures" name="test_09_update_team_leader" time="0.068"><skipped type="pytest.skip" message="Employee creation failed">/app/tests/test_bank_tl_features.py:218: Employee creation failed</skipped></testcase><testcase classname="tests.test_bank_tl_features.TestBankDetailsAndTLFeatures" name="test_10_team_leader_history_logged" time="0.106"><skipped type="pytest.skip" message="Employee creation failed">/app/tests/test_bank_tl_features.py:258: Employee creation failed</skipped></testcase><testcase classname="tests.test_bank_tl_features.TestBankDetailsAndTLFeatures" name="test_11_get_settled_payslips_for_employee" time="0.067" /><testcase classname="tests.test_bank_tl_features.TestBankDetailsAndTLFeatures" name="test_12_export_payslips_includes_bank_details" time="0.073" /><testcase classname="tests.test_bank_tl_features.TestBankDetailsAndTLFeatures" name="test_13_teamlead_has_bank_details" time="0.063" /><testcase classname="tests.test_bank_tl_features.TestBankDetailsAndTLFeatures" name="test_14_admin_does_not_require_bank_details" time="0.066" /><testcase classname="tests.test_bank_tl_features.TestBankDetailsAndTLFeatures" name="test_15_employee_cards_show_tl_name" time="0.068" /><testcase classname="tests.test_bank_tl_features.TestCleanup" name="test_cleanup_test_employees" time="0.138" /></testsuite></testsuites>