<?xml version="1.0" encoding="utf-8"?><testsuites name="pytest tests"><testsuite name="pytest" errors="0" failures="4" skipped="3" tests="16" time="1.482" timestamp="2026-01-19T15:15:27.989364+00:00" hostname="agent-env-2177167e-5ef6-4083-870e-24772f9a46b8"><testcase classname="tests.test_bank_tl_features.TestBankDetailsAndTLFeatures" name="test_01_health_check" time="0.092"><failure message="assert 404 == 200&#10; +  where 404 = &lt;Response [404]&gt;.status_code">tests/test_bank_tl_features.py:38: in test_01_health_check
    assert response.status_code == 200
E   assert 404 == 200
E    +  where 404 = &lt;Response [404]&gt;.status_code</failure></testcase><testcase classname="tests.test_bank_tl_features.TestBankDetailsAndTLFeatures" name="test_02_admin_login" time="0.073"><failure message="AssertionError: assert None == 'ADMIN001'&#10; +  where None = &lt;built-in method get of dict object at 0xfa5ae37c80c0&gt;('id')&#10; +    where &lt;built-in method get of dict object at 0xfa5ae37c80c0&gt; = {'error': None, 'success': True, 'token': 'QURNSU4wMDE6MjAyNi0wMS0xOVQxNToxNToyOC4yNjY4ODQrMDA6MDA=', 'user': {'bank_account_number': None, 'bank_ifsc': None, 'bank_name': None, 'department': 'Management', ...}}.get">tests/test_bank_tl_features.py:48: in test_02_admin_login
    assert data.get("id") == "ADMIN001"
E   AssertionError: assert None == 'ADMIN001'
E    +  where None = &lt;built-in method get of dict object at 0xfa5ae37c80c0&gt;('id')
E    +    where &lt;built-in method get of dict object at 0xfa5ae37c80c0&gt; = {'error': None, 'success': True, 'token': 'QURNSU4wMDE6MjAyNi0wMS0xOVQxNToxNToyOC4yNjY4ODQrMDA6MDA=', 'user': {'bank_account_number': None, 'bank_ifsc': None, 'bank_name': None, 'department': 'Management', ...}}.get</failure></testcase><testcase classname="tests.test_bank_tl_features.TestBankDetailsAndTLFeatures" name="test_03_employee_login_with_bank_details" time="0.073"><failure message="AssertionError: assert None == 'EMP001'&#10; +  where None = &lt;built-in method get of dict object at 0xfa5ae3357400&gt;('id')&#10; +    where &lt;built-in method get of dict object at 0xfa5ae3357400&gt; = {'error': None, 'success': True, 'token': 'RU1QMDAxOjIwMjYtMDEtMTlUMTU6MTU6MjguMzQ5MTcyKzAwOjAw', 'user': {'bank_account_number': '32456789012345', 'bank_ifsc': 'SBIN0001234', 'bank_name': 'State Bank of India', 'department': 'Development', ...}}.get">tests/test_bank_tl_features.py:57: in test_03_employee_login_with_bank_details
    assert data.get("id") == "EMP001"
E   AssertionError: assert None == 'EMP001'
E    +  where None = &lt;built-in method get of dict object at 0xfa5ae3357400&gt;('id')
E    +    where &lt;built-in method get of dict object at 0xfa5ae3357400&gt; = {'error': None, 'success': True, 'token': 'RU1QMDAxOjIwMjYtMDEtMTlUMTU6MTU6MjguMzQ5MTcyKzAwOjAw', 'user': {'bank_account_number': '32456789012345', 'bank_ifsc': 'SBIN0001234', 'bank_name': 'State Bank of India', 'department': 'Development', ...}}.get</failure></testcase><testcase classname="tests.test_bank_tl_features.TestBankDetailsAndTLFeatures" name="test_04_get_users_with_bank_details" time="0.078" /><testcase classname="tests.test_bank_tl_features.TestBankDetailsAndTLFeatures" name="test_05_get_team_leaders" time="0.076" /><testcase classname="tests.test_bank_tl_features.TestBankDetailsAndTLFeatures" name="test_06_create_employee_without_bank_details_fails" time="0.072"><failure message="AssertionError: Expected 400, got 422&#10;assert 422 == 400&#10; +  where 422 = &lt;Response [422]&gt;.status_code">tests/test_bank_tl_features.py:120: in test_06_create_employee_without_bank_details_fails
    assert response.status_code == 400, f"Expected 400, got {response.status_code}"
E   AssertionError: Expected 400, got 422
E   assert 422 == 400
E    +  where 422 = &lt;Response [422]&gt;.status_code</failure></testcase><testcase classname="tests.test_bank_tl_features.TestBankDetailsAndTLFeatures" name="test_07_create_employee_with_bank_details_and_tl" time="0.115" /><testcase classname="tests.test_bank_tl_features.TestBankDetailsAndTLFeatures" name="test_08_verify_created_employee_data" time="0.079"><skipped type="pytest.skip" message="Employee creation failed, skipping verification">/app/tests/test_bank_tl_features.py:178: Employee creation failed, skipping verification</skipped></testcase><testcase classname="tests.test_bank_tl_features.TestBankDetailsAndTLFeatures" name="test_09_update_team_leader" time="0.071"><skipped type="pytest.skip" message="Employee creation failed">/app/tests/test_bank_tl_features.py:213: Employee creation failed</skipped></testcase><testcase classname="tests.test_bank_tl_features.TestBankDetailsAndTLFeatures" name="test_10_team_leader_history_logged" time="0.070"><skipped type="pytest.skip" message="Employee creation failed">/app/tests/test_bank_tl_features.py:253: Employee creation failed</skipped></testcase><testcase classname="tests.test_bank_tl_features.TestBankDetailsAndTLFeatures" name="test_11_get_settled_payslips_for_employee" time="0.071" /><testcase classname="tests.test_bank_tl_features.TestBankDetailsAndTLFeatures" name="test_12_export_payslips_includes_bank_details" time="0.079" /><testcase classname="tests.test_bank_tl_features.TestBankDetailsAndTLFeatures" name="test_13_teamlead_has_bank_details" time="0.066" /><testcase classname="tests.test_bank_tl_features.TestBankDetailsAndTLFeatures" name="test_14_admin_does_not_require_bank_details" time="0.067" /><testcase classname="tests.test_bank_tl_features.TestBankDetailsAndTLFeatures" name="test_15_employee_cards_show_tl_name" time="0.110" /><testcase classname="tests.test_bank_tl_features.TestCleanup" name="test_cleanup_test_employees" time="0.109" /></testsuite></testsuites>