<?xml version="1.0" encoding="utf-8"?><testsuites name="pytest tests"><testsuite name="pytest" errors="0" failures="0" skipped="0" tests="13" time="0.925" timestamp="2026-01-19T17:59:09.424540+00:00" hostname="agent-env-e0a83711-dd08-4dce-a5f6-a3528220a357"><testcase classname="tests.test_bill_revalidation.TestBillPartialApprovalRevalidation" name="test_01_get_bills_endpoint_works" time="0.069" /><testcase classname="tests.test_bill_revalidation.TestBillPartialApprovalRevalidation" name="test_02_get_bills_with_status_filter" time="0.080" /><testcase classname="tests.test_bill_revalidation.TestBillPartialApprovalRevalidation" name="test_03_create_test_bill" time="0.066" /><testcase classname="tests.test_bill_revalidation.TestBillPartialApprovalRevalidation" name="test_04_approve_bill_full_amount" time="0.074" /><testcase classname="tests.test_bill_revalidation.TestBillPartialApprovalRevalidation" name="test_05_approve_bill_partial_without_revalidation" time="0.050" /><testcase classname="tests.test_bill_revalidation.TestBillPartialApprovalRevalidation" name="test_06_approve_bill_partial_with_revalidation" time="0.053" /><testcase classname="tests.test_bill_revalidation.TestBillPartialApprovalRevalidation" name="test_07_revalidate_bill_endpoint" time="0.047" /><testcase classname="tests.test_bill_revalidation.TestBillPartialApprovalRevalidation" name="test_08_revalidate_nonexistent_bill" time="0.053" /><testcase classname="tests.test_bill_revalidation.TestBillPartialApprovalRevalidation" name="test_09_revalidate_non_revalidation_status_bill" time="0.150" /><testcase classname="tests.test_bill_revalidation.TestBillPartialApprovalRevalidation" name="test_10_approve_nonexistent_bill" time="0.038" /><testcase classname="tests.test_bill_revalidation.TestBillPartialApprovalRevalidation" name="test_11_verify_bill_data_structure" time="0.039" /><testcase classname="tests.test_bill_revalidation.TestBillAPIIntegration" name="test_filter_by_revalidation_status" time="0.034" /><testcase classname="tests.test_bill_revalidation.TestBillAPIIntegration" name="test_approve_endpoint_accepts_send_to_revalidation_param" time="0.047" /></testsuite></testsuites>