<?xml version="1.0" encoding="utf-8"?><testsuites name="pytest tests"><testsuite name="pytest" errors="0" failures="0" skipped="0" tests="24" time="1.344" timestamp="2026-01-19T06:04:02.952145+00:00" hostname="agent-env-fa8eea13-eefd-42de-b896-0d5606811b7e"><testcase classname="tests.test_cashbook_api.TestCashbookCategories" name="test_get_categories" time="0.092" /><testcase classname="tests.test_cashbook_api.TestCashbookCategories" name="test_create_custom_category" time="0.008" /><testcase classname="tests.test_cashbook_api.TestCashbookCategories" name="test_delete_custom_category" time="0.057" /><testcase classname="tests.test_cashbook_api.TestCashIn" name="test_create_cash_in_invoice" time="0.007" /><testcase classname="tests.test_cashbook_api.TestCashIn" name="test_create_cash_in_with_partial_payment" time="0.012" /><testcase classname="tests.test_cashbook_api.TestCashIn" name="test_get_cash_in_entries" time="0.007" /><testcase classname="tests.test_cashbook_api.TestCashIn" name="test_get_cash_in_by_month_year" time="0.047" /><testcase classname="tests.test_cashbook_api.TestCashIn" name="test_update_cash_in_entry" time="0.014" /><testcase classname="tests.test_cashbook_api.TestCashIn" name="test_delete_cash_in_entry" time="0.056" /><testcase classname="tests.test_cashbook_api.TestCashOut" name="test_create_cash_out_expense" time="0.007" /><testcase classname="tests.test_cashbook_api.TestCashOut" name="test_create_cash_out_with_different_categories" time="0.113" /><testcase classname="tests.test_cashbook_api.TestCashOut" name="test_get_cash_out_entries" time="0.007" /><testcase classname="tests.test_cashbook_api.TestCashOut" name="test_get_cash_out_by_month_year" time="0.006" /><testcase classname="tests.test_cashbook_api.TestCashOut" name="test_update_cash_out_entry" time="0.055" /><testcase classname="tests.test_cashbook_api.TestCashOut" name="test_delete_cash_out_entry" time="0.056" /><testcase classname="tests.test_cashbook_api.TestMonthLock" name="test_get_locks" time="0.006" /><testcase classname="tests.test_cashbook_api.TestMonthLock" name="test_get_locks_by_year" time="0.007" /><testcase classname="tests.test_cashbook_api.TestMonthLock" name="test_lock_and_unlock_month" time="0.319" /><testcase classname="tests.test_cashbook_api.TestCashbookSummary" name="test_get_summary_yearly" time="0.007" /><testcase classname="tests.test_cashbook_api.TestCashbookSummary" name="test_get_summary_monthly" time="0.007" /><testcase classname="tests.test_cashbook_api.TestCashbookExports" name="test_export_cashbook_csv" time="0.050" /><testcase classname="tests.test_cashbook_api.TestCashbookExports" name="test_export_invoices_csv" time="0.048" /><testcase classname="tests.test_cashbook_api.TestCashbookExports" name="test_export_invoices_zip" time="0.006" /><testcase classname="tests.test_cashbook_api.TestCleanup" name="test_cleanup_test_data" time="0.295" /></testsuite></testsuites>