<?xml version="1.0" encoding="utf-8"?><testsuites name="pytest tests"><testsuite name="pytest" errors="0" failures="0" skipped="0" tests="21" time="0.753" timestamp="2026-01-18T10:15:09.966749+00:00" hostname="agent-env-5b094dc9-aa73-4f49-81c7-dca56fa6ade3"><testcase classname="tests.test_backend_api.TestAuth" name="test_login_admin_success" time="0.094" /><testcase classname="tests.test_backend_api.TestAuth" name="test_login_teamlead_success" time="0.011" /><testcase classname="tests.test_backend_api.TestAuth" name="test_login_employee_success" time="0.048" /><testcase classname="tests.test_backend_api.TestAuth" name="test_login_invalid_password" time="0.012" /><testcase classname="tests.test_backend_api.TestAuth" name="test_login_invalid_user" time="0.050" /><testcase classname="tests.test_backend_api.TestUsers" name="test_get_all_users" time="0.009" /><testcase classname="tests.test_backend_api.TestUsers" name="test_get_user_by_id" time="0.048" /><testcase classname="tests.test_backend_api.TestUsers" name="test_get_users_by_role" time="0.009" /><testcase classname="tests.test_backend_api.TestUsers" name="test_get_team_members" time="0.048" /><testcase classname="tests.test_backend_api.TestQRCodes" name="test_create_qr_code" time="0.029" /><testcase classname="tests.test_backend_api.TestQRCodes" name="test_get_qr_codes" time="0.007" /><testcase classname="tests.test_backend_api.TestQRCodes" name="test_get_qr_codes_by_creator" time="0.057" /><testcase classname="tests.test_backend_api.TestAttendance" name="test_get_attendance" time="0.007" /><testcase classname="tests.test_backend_api.TestAttendance" name="test_get_monthly_attendance" time="0.049" /><testcase classname="tests.test_backend_api.TestBills" name="test_create_bill" time="0.017" /><testcase classname="tests.test_backend_api.TestBills" name="test_get_bills" time="0.007" /><testcase classname="tests.test_backend_api.TestBills" name="test_get_bills_by_employee" time="0.048" /><testcase classname="tests.test_backend_api.TestPayslips" name="test_get_settled_payslips" time="0.008" /><testcase classname="tests.test_backend_api.TestPayslips" name="test_payslip_has_breakdown" time="0.007" /><testcase classname="tests.test_backend_api.TestHolidays" name="test_get_holidays" time="0.048" /><testcase classname="tests.test_backend_api.TestDashboard" name="test_get_dashboard_stats" time="0.010" /></testsuite></testsuites>