<?xml version="1.0" encoding="utf-8"?><testsuites name="pytest tests"><testsuite name="pytest" errors="0" failures="1" skipped="0" tests="17" time="1.086" timestamp="2026-01-20T11:51:38.708746+00:00" hostname="agent-env-6bed64c2-dad5-4e76-8d8a-8287f9a78157"><testcase classname="tests.test_reports_exports.TestReportsAndExports" name="test_health_check" time="0.097"><failure message="AssertionError: Health check failed: {&quot;detail&quot;:&quot;Not Found&quot;}&#10;assert 404 == 200&#10; +  where 404 = &lt;Response [404]&gt;.status_code">tests/test_reports_exports.py:34: in test_health_check
    assert response.status_code == 200, f"Health check failed: {response.text}"
E   AssertionError: Health check failed: {"detail":"Not Found"}
E   assert 404 == 200
E    +  where 404 = &lt;Response [404]&gt;.status_code</failure></testcase><testcase classname="tests.test_reports_exports.TestReportsAndExports" name="test_login_admin" time="0.055" /><testcase classname="tests.test_reports_exports.TestReportsAndExports" name="test_attendance_api_month_filter" time="0.058" /><testcase classname="tests.test_reports_exports.TestReportsAndExports" name="test_bills_api_month_filter" time="0.052" /><testcase classname="tests.test_reports_exports.TestReportsAndExports" name="test_advances_api_month_filter" time="0.046" /><testcase classname="tests.test_reports_exports.TestReportsAndExports" name="test_payslips_api" time="0.044" /><testcase classname="tests.test_reports_exports.TestReportsAndExports" name="test_audit_expenses_api" time="0.043" /><testcase classname="tests.test_reports_exports.TestReportsAndExports" name="test_export_attendance_month_filter" time="0.043" /><testcase classname="tests.test_reports_exports.TestReportsAndExports" name="test_export_audit_expenses_month_filter" time="0.041" /><testcase classname="tests.test_reports_exports.TestReportsAndExports" name="test_export_bills_advances_month_filter" time="0.037" /><testcase classname="tests.test_reports_exports.TestReportsAndExports" name="test_export_payslips_month_filter" time="0.045" /><testcase classname="tests.test_reports_exports.TestReportsAndExports" name="test_attendance_daily_duty_no_decimals" time="0.045" /><testcase classname="tests.test_reports_exports.TestReportsAndExports" name="test_payslip_net_pay_no_decimals" time="0.039" /><testcase classname="tests.test_reports_exports.TestReportsAndExports" name="test_payroll_uses_days_in_month" time="0.048" /><testcase classname="tests.test_reports_exports.TestReportsAndExports" name="test_mark_attendance_calculates_duty_correctly" time="0.049" /><testcase classname="tests.test_reports_exports.TestDataIntegrity" name="test_no_cross_month_contamination_attendance" time="0.047" /><testcase classname="tests.test_reports_exports.TestDataIntegrity" name="test_payslip_month_year_consistency" time="0.077" /></testsuite></testsuites>